<?xml version="1.0" encoding="UTF-8"?>
<!-- Generated by org.testng.reporters.JUnitXMLReporter -->
<testsuite ignored="1" hostname="ATMECSINLT-085" failures="1" tests="3" name="Test" time="27.929" errors="0" timestamp="03 Sep 2019 13:39:41 GMT">
  <testcase classname="org.atmecs.utils.flight_ticket.AppTest" name="flightticket" time="27.873"/>
  <testcase classname="org.atmecs.utils.flight_ticket.AppTest" name="testApp" time="0.004"/>
  <testcase classname="org.atmecs.utils.flight_ticket.Pricechoosen" name="price" time="0.004">
    <failure type="java.lang.NullPointerException">
      <![CDATA[java.lang.NullPointerException
	at org.atmecs.utils.flight_ticket.Pricechoosen.price(Pricechoosen.java:19)
... Removed 25 stack frames]]>
    </failure>
  </testcase> <!-- price -->
  <testcase classname="org.atmecs.utils.testbase.Presetup" name="@BeforeSuite setup" time="0.0">
    <ignored/>
  </testcase> <!-- @BeforeSuite setup -->
</testsuite> <!-- Test -->
